
CommandNotFoundError: Your shell has not been properly configured to use 'conda deactivate'.
To initialize your shell, run

    $ conda init <SHELL_NAME>

Currently supported shells are:
  - bash
  - fish
  - tcsh
  - xonsh
  - zsh
  - powershell

See 'conda init --help' for more information and options.

IMPORTANT: You may need to close and restart your shell after running 'conda init'.



CommandNotFoundError: Your shell has not been properly configured to use 'conda deactivate'.
To initialize your shell, run

    $ conda init <SHELL_NAME>

Currently supported shells are:
  - bash
  - fish
  - tcsh
  - xonsh
  - zsh
  - powershell

See 'conda init --help' for more information and options.

IMPORTANT: You may need to close and restart your shell after running 'conda init'.



------------ /usr/local/modules/modulefiles/scientific_applications ------------
python/2.7           python/3.6.3         python/3.7.6-nointel
python/2.7.14        python/3.6.8         python/3.8.5
python/2.7.16        python/3.7.16        python/3.9.5
python/3.11.3        python/3.7.4

--------------------- /usr/local/modules/modulefiles/tools ---------------------
python-tools/3.8.5 python-tools/3.9.5

To start with conda environments :
  * List available environments   : "conda env list"
  * Use an available environment  : "conda activate <the-wanted-env>"
  * Create your own environment   : "conda create -n <my-env>" and to use it "conda activate <my-env>"
  * More information              : https://www.calmip.univ-toulouse.fr/conda 
Intel(R) MPI Library  (2018.2.199) loaded
