
CommandNotFoundError: Your shell has not been properly configured to use 'conda deactivate'.
To initialize your shell, run

    $ conda init <SHELL_NAME>

Currently supported shells are:
  - bash
  - fish
  - tcsh
  - xonsh
  - zsh
  - powershell

See 'conda init --help' for more information and options.

IMPORTANT: You may need to close and restart your shell after running 'conda init'.



CommandNotFoundError: Your shell has not been properly configured to use 'conda deactivate'.
To initialize your shell, run

    $ conda init <SHELL_NAME>

Currently supported shells are:
  - bash
  - fish
  - tcsh
  - xonsh
  - zsh
  - powershell

See 'conda init --help' for more information and options.

IMPORTANT: You may need to close and restart your shell after running 'conda init'.



------------ /usr/local/modules/modulefiles/scientific_applications ------------
python/2.7           python/3.6.3         python/3.7.6-nointel
python/2.7.14        python/3.6.8         python/3.8.5
python/2.7.16        python/3.7.16        python/3.9.5
python/3.11.3        python/3.7.4

--------------------- /usr/local/modules/modulefiles/tools ---------------------
python-tools/3.8.5 python-tools/3.9.5

To start with conda environments :
  * List available environments   : "conda env list"
  * Use an available environment  : "conda activate <the-wanted-env>"
  * Create your own environment   : "conda create -n <my-env>" and to use it "conda activate <my-env>"
  * More information              : https://www.calmip.univ-toulouse.fr/conda 
Intel(R) MPI Library  (2018.2.199) loaded
ERROR with external command - sts=2 input file=4
ABORTING - Try again with --on-error
ERROR with external command - sts=2 input file=2
ABORTING - Try again with --on-error
ERROR with external command - sts=2 input file=7
ABORTING - Try again with --on-error
ERROR with external command - sts=2 input file=12
ABORTING - Try again with --on-error
ERROR with external command - sts=2 input file=17
ABORTING - Try again with --on-error
ERROR with external command - sts=2 input file=11
ABORTING - Try again with --on-error
ERROR with external command - sts=2 input file=18
ABORTING - Try again with --on-error
ERROR with external command - sts=2 input file=19
ABORTING - Try again with --on-error
ERROR with external command - sts=2 input file=20
ABORTING - Try again with --on-error
ERROR with external command - sts=2 input file=13
ABORTING - Try again with --on-error
ERROR with external command - sts=2 input file=3
ABORTING - Try again with --on-error
ERROR with external command - sts=2 input file=9
ABORTING - Try again with --on-error
ERROR with external command - sts=2 input file=5
ABORTING - Try again with --on-error
ERROR with external command - sts=2 input file=6
ABORTING - Try again with --on-error
ERROR with external command - sts=2 input file=8
ABORTING - Try again with --on-error
ERROR with external command - sts=2 input file=10
ABORTING - Try again with --on-error
ERROR with external command - sts=2 input file=14
ABORTING - Try again with --on-error
ERROR with external command - sts=2 input file=15
ABORTING - Try again with --on-error
ERROR with external command - sts=2 input file=16
ABORTING - Try again with --on-error
ERROR with external command - sts=2 input file=1
ABORTING - Try again with --on-error
ERROR with external command - sts=2 input file=21
ABORTING - Try again with --on-error
ERROR with external command - sts=2 input file=22
ABORTING - Try again with --on-error
ERROR with external command - sts=2 input file=23
ABORTING - Try again with --on-error
ERROR with external command - sts=2 input file=24
ABORTING - Try again with --on-error
ERROR with external command - sts=2 input file=25
ABORTING - Try again with --on-error
ERROR with external command - sts=2 input file=26
ABORTING - Try again with --on-error
ERROR with external command - sts=2 input file=27
ABORTING - Try again with --on-error
ERROR with external command - sts=2 input file=28
ABORTING - Try again with --on-error
ERROR with external command - sts=2 input file=29
ABORTING - Try again with --on-error
ERROR with external command - sts=2 input file=30
ABORTING - Try again with --on-error
